\BOOKMARK [0][-]{chapter*.5}{\376\377\273\370\275\204\325\130\256\060\000\040\310\004\305\320\000\040\305\114\305\104\305\174\000\040\325\140\000\040\254\203\264\344}{}% 1
\BOOKMARK [1][-]{section*.6}{\376\377\260\230\262\027\301\110}{chapter*.5}% 2
\BOOKMARK [1][-]{section*.9}{\376\377\325\150\302\030}{chapter*.5}% 3
\BOOKMARK [1][-]{section*.10}{\376\377\274\051\310\025\302\335}{chapter*.5}% 4
\BOOKMARK [1][-]{section*.11}{\376\377\255\371\325\134}{chapter*.5}% 5
\BOOKMARK [0][-]{chapter*.12}{\376\377\273\370\275\204}{}% 6
\BOOKMARK [1][-]{section*.13}{\376\377\310\021\301\040\307\130\000\040\256\060\306\270\256\060}{chapter*.12}% 7
\BOOKMARK [1][-]{section*.14}{\376\377\000T\000y\000p\000e\000f\000a\000c\000e\000s}{chapter*.12}% 8
\BOOKMARK [1][-]{section*.15}{\376\377\000H\000e\000a\000d\000i\000n\000g\000s}{chapter*.12}% 9
\BOOKMARK [1][-]{section*.17}{\376\377\000E\000n\000v\000i\000r\000o\000n\000m\000e\000n\000t\000s}{chapter*.12}% 10
\BOOKMARK [0][-]{chapter*.18}{\376\377\310\001\275\204\000\040\325\130\256\060\000\040\310\004\305\320\000\040\305\114\305\104\305\174\000\040\325\140\000\040\254\203\264\344}{}% 11
\BOOKMARK [0][-]{chapter*.19}{\376\377\310\001\275\204}{}% 12
\BOOKMARK [1][-]{section*.20}{\376\377\000P\000a\000g\000e\000\040\000L\000a\000y\000o\000u\000t}{chapter*.19}% 13
\BOOKMARK [1][-]{section*.22}{\376\377\000S\000i\000d\000e\000n\000o\000t\000e\000s}{chapter*.19}% 14
\BOOKMARK [1][-]{section*.23}{\376\377\000R\000e\000f\000e\000r\000e\000n\000c\000e\000s}{chapter*.19}% 15
\BOOKMARK [1][-]{section*.24}{\376\377\000F\000i\000g\000u\000r\000e\000s\000\040\000a\000n\000d\000\040\000T\000a\000b\000l\000e\000s}{chapter*.19}% 16
\BOOKMARK [1][-]{section*.25}{\376\377\000C\000a\000p\000t\000i\000o\000n\000s}{chapter*.19}% 17
\BOOKMARK [1][-]{section*.28}{\376\377\000F\000u\000l\000l\000-\000w\000i\000d\000t\000h\000\040\000t\000e\000x\000t\000\040\000b\000l\000o\000c\000k\000s}{chapter*.19}% 18
\BOOKMARK [1][-]{section*.29}{\376\377\000T\000y\000p\000o\000g\000r\000a\000p\000h\000y}{chapter*.19}% 19
\BOOKMARK [1][-]{section*.32}{\376\377\000D\000o\000c\000u\000m\000e\000n\000t\000\040\000C\000l\000a\000s\000s\000\040\000O\000p\000t\000i\000o\000n\000s}{chapter*.19}% 20
\BOOKMARK [0][-]{chapter*.33}{\376\377\273\370\275\204\307\130\000\040\307\121\306\251}{}% 21
\BOOKMARK [1][-]{section*.34}{\376\377\000F\000i\000l\000e\000\040\000H\000o\000o\000k\000s}{chapter*.33}% 22
\BOOKMARK [1][-]{section*.35}{\376\377\000N\000u\000m\000b\000e\000r\000e\000d\000\040\000S\000e\000c\000t\000i\000o\000n\000\040\000H\000e\000a\000d\000i\000n\000g\000s}{chapter*.33}% 23
\BOOKMARK [1][-]{section*.36}{\376\377\000C\000h\000a\000n\000g\000i\000n\000g\000\040\000t\000h\000e\000\040\000P\000a\000p\000e\000r\000\040\000S\000i\000z\000e}{chapter*.33}% 24
\BOOKMARK [1][-]{section*.37}{\376\377\000C\000u\000s\000t\000o\000m\000i\000z\000i\000n\000g\000\040\000M\000a\000r\000g\000i\000n\000a\000l\000\040\000M\000a\000t\000e\000r\000i\000a\000l}{chapter*.33}% 25
\BOOKMARK [0][-]{chapter*.38}{\376\377\310\001\275\204\307\130\000\040\307\121\306\251}{}% 26
\BOOKMARK [1][-]{section*.39}{\376\377\000C\000o\000n\000v\000e\000r\000t\000i\000n\000g\000\040\000f\000r\000o\000m\000\040\000a\000r\000t\000i\000c\000l\000e\000\040\000t\000o\000\040\000t\000u\000f\000t\000e\000-\000h\000a\000n\000d\000o\000u\000t}{chapter*.38}% 27
\BOOKMARK [1][-]{section*.40}{\376\377\000C\000o\000n\000v\000e\000r\000t\000i\000n\000g\000\040\000f\000r\000o\000m\000\040\000b\000o\000o\000k\000\040\000t\000o\000\040\000t\000u\000f\000t\000e\000-\000b\000o\000o\000k}{chapter*.38}% 28
\BOOKMARK [0][-]{chapter*.41}{\376\377\273\370\310\001\275\204\307\104\000\040\272\250\264\120\000\040\263\314\305\104\274\364\272\160}{}% 29
\BOOKMARK [1][-]{section*.42}{\376\377\000T\000u\000f\000t\000e\000-\000L\000a\000T\000e\000X\000\040\000W\000e\000b\000s\000i\000t\000e}{chapter*.41}% 30
\BOOKMARK [1][-]{section*.43}{\376\377\000T\000u\000f\000t\000e\000-\000L\000a\000T\000e\000X\000\040\000M\000a\000i\000l\000i\000n\000g\000\040\000L\000i\000s\000t\000s}{chapter*.41}% 31
\BOOKMARK [1][-]{section*.46}{\376\377\000G\000e\000t\000t\000i\000n\000g\000\040\000H\000e\000l\000p}{chapter*.41}% 32
\BOOKMARK [1][-]{section*.47}{\376\377\000E\000r\000r\000o\000r\000s\000,\000\040\000W\000a\000r\000n\000i\000n\000g\000s\000,\000\040\000a\000n\000d\000\040\000I\000n\000f\000o\000r\000m\000a\000t\000i\000o\000n\000a\000l\000\040\000M\000e\000s\000s\000a\000g\000e\000s}{chapter*.41}% 33
\BOOKMARK [1][-]{section*.48}{\376\377\000P\000a\000c\000k\000a\000g\000e\000\040\000D\000e\000p\000e\000n\000d\000e\000n\000c\000i\000e\000s}{chapter*.41}% 34
\BOOKMARK [0][-]{chapter*.49}{\376\377\000B\000i\000b\000l\000i\000o\000g\000r\000a\000p\000h\000y}{}% 35
\BOOKMARK [0][-]{chapter*.50}{\376\377\000I\000n\000d\000e\000x}{}% 36
