mktextfm at10
mktextfm at7
mktextfm at6
mktextfm at10
mktextfm at7
mktextfm at6
mktextfm at10
mktextfm at7
mktextfm at6
mktextfm at10
mktextfm at7
mktextfm at6
mktextfm at10
mktextfm at7
mktextfm at6
mktextfm at10
mktextfm at7
mktextfm at6
mktextfm at10
mktextfm at7
mktextfm at6
mktextfm at10
mktextfm at7
mktextfm at6
mktextfm at10
mktextfm at7
mktextfm at6
mktextfm at10
mktextfm at7
mktextfm at6
mktextfm uwmjoec
mktextfm nullfont
mktextfm uwmjo06
mktextfm nullfont
mktextfm uwmjo0f9a
mktextfm nullfont
mktextfm nanummjmode
mktextfm nullfont
mktextfm uwmjo06
mktextfm nullfont
mktextfm nanummjmodd
mktextfm nullfont
mktextfm uwmjoa0
mktextfm nullfont
mktextfm uwmj06
mktextfm uwmj05
